<?xml version="1.0" encoding="UTF-8"?>
<!-- Generated by org.testng.reporters.JUnitReportReporter -->
<testsuite hostname="vineeth" failures="0" tests="2" name="com.crm.qa.testcases.LoginPageTest" time="29.862" errors="0" timestamp="2020-02-21T19:18:04 IST" skipped="0">
  <testcase classname="com.crm.qa.testcases.LoginPageTest" name="loginpagetitletest" time="9.354"/>
  <system-out/>
  <testcase classname="com.crm.qa.testcases.LoginPageTest" name="LoginTest" time="20.508"/>
  <system-out/>
</testsuite> <!-- com.crm.qa.testcases.LoginPageTest -->
