<?xml version="1.0" encoding="UTF-8"?>
<!-- Generated by org.testng.reporters.JUnitReportReporter -->
<testsuite hostname="vineeth" failures="0" tests="2" name="com.crm.qa.testcases.LoginPageTest" time="32.646" errors="0" timestamp="2020-02-23T18:38:24 IST" skipped="0">
  <testcase classname="com.crm.qa.testcases.LoginPageTest" name="loginpagetitletest" time="10.437"/>
  <system-out/>
  <testcase classname="com.crm.qa.testcases.LoginPageTest" name="LoginTest" time="22.209"/>
  <system-out/>
</testsuite> <!-- com.crm.qa.testcases.LoginPageTest -->
