<?xml version="1.0" encoding="UTF-8"?>
<!-- Generated by org.testng.reporters.JUnitReportReporter -->
<testsuite hostname="vineeth" failures="0" tests="3" name="com.crm.qa.testcases.HomePageTest" time="68.068" errors="0" timestamp="2020-02-21T19:18:04 IST" skipped="0">
  <testcase classname="com.crm.qa.testcases.HomePageTest" name="VerifyHomepagetitletest" time="15.910"/>
  <system-out/>
  <testcase classname="com.crm.qa.testcases.HomePageTest" name="verifyusernametest" time="26.762"/>
  <system-out/>
  <testcase classname="com.crm.qa.testcases.HomePageTest" name="verifycontactslinktest" time="25.396"/>
  <system-out/>
</testsuite> <!-- com.crm.qa.testcases.HomePageTest -->
