<?xml version="1.0" encoding="UTF-8"?>
<!-- Generated by org.testng.reporters.JUnitReportReporter -->
<testsuite hostname="vineeth" failures="0" tests="3" name="com.crm.qa.testcases.HomePageTest" time="55.746" errors="0" timestamp="2020-02-23T18:38:24 IST" skipped="0">
  <testcase classname="com.crm.qa.testcases.HomePageTest" name="VerifyHomepagetitletest" time="17.670"/>
  <system-out/>
  <testcase classname="com.crm.qa.testcases.HomePageTest" name="verifyusernametest" time="18.777"/>
  <system-out/>
  <testcase classname="com.crm.qa.testcases.HomePageTest" name="verifycontactslinktest" time="19.299"/>
  <system-out/>
</testsuite> <!-- com.crm.qa.testcases.HomePageTest -->
